[debug] [2018-10-11T12:34:39.884Z] ----------------------------------------------------------------------
[debug] [2018-10-11T12:34:39.888Z] Command:       /usr/local/bin/node /usr/local/bin/firebase use --add
[debug] [2018-10-11T12:34:39.888Z] CLI Version:   5.0.1
[debug] [2018-10-11T12:34:39.888Z] Platform:      darwin
[debug] [2018-10-11T12:34:39.888Z] Node Version:  v10.11.0
[debug] [2018-10-11T12:34:39.889Z] Time:          Thu Oct 11 2018 08:34:39 GMT-0400 (Eastern Daylight Time)
[debug] [2018-10-11T12:34:39.889Z] ----------------------------------------------------------------------
[debug] 
[debug] [2018-10-11T12:34:39.905Z] > command requires scopes: ["email","openid","https://www.googleapis.com/auth/cloudplatformprojects.readonly","https://www.googleapis.com/auth/firebase","https://www.googleapis.com/auth/cloud-platform"]
[debug] [2018-10-11T12:34:39.905Z] > authorizing via signed-in user
[debug] [2018-10-11T12:34:39.908Z] >>> HTTP REQUEST GET https://admin.firebase.com/v1/projects  
 
[debug] [2018-10-11T12:34:40.202Z] <<< HTTP RESPONSE 200
[debug] [2018-10-11T12:34:45.843Z] TypeError: Cannot read property 'short' of undefined
    at Prompt.render (/usr/local/lib/node_modules/firebase-tools/node_modules/inquirer/lib/prompts/list.js:94:69)
    at Prompt.onSubmit (/usr/local/lib/node_modules/firebase-tools/node_modules/inquirer/lib/prompts/list.js:116:8)
    at AnonymousObserver.Rx.AnonymousObserver.AnonymousObserver.next (/usr/local/lib/node_modules/firebase-tools/node_modules/rx-lite/rx.lite.js:1535:12)
    at AnonymousObserver.Rx.internals.AbstractObserver.AbstractObserver.onNext (/usr/local/lib/node_modules/firebase-tools/node_modules/rx-lite/rx.lite.js:1469:31)
    at AnonymousObserver.tryCatcher (/usr/local/lib/node_modules/firebase-tools/node_modules/rx-lite/rx.lite.js:63:31)
    at AutoDetachObserverPrototype.next (/usr/local/lib/node_modules/firebase-tools/node_modules/rx-lite/rx.lite.js:5782:51)
    at AutoDetachObserver.Rx.internals.AbstractObserver.AbstractObserver.onNext (/usr/local/lib/node_modules/firebase-tools/node_modules/rx-lite/rx.lite.js:1469:31)
    at AnonymousObserver._onNext (/usr/local/lib/node_modules/firebase-tools/node_modules/rx-lite/rx.lite.js:4234:13)
    at AnonymousObserver.Rx.AnonymousObserver.AnonymousObserver.next (/usr/local/lib/node_modules/firebase-tools/node_modules/rx-lite/rx.lite.js:1535:12)
    at AnonymousObserver.Rx.internals.AbstractObserver.AbstractObserver.onNext (/usr/local/lib/node_modules/firebase-tools/node_modules/rx-lite/rx.lite.js:1469:31)
[error] 
[error] Error: An unexpected error has occurred.
